<?xml version="1.0" encoding="UTF-8"?>
<!-- Generated by org.testng.reporters.JUnitReportReporter -->
<testsuite skipped="0" hostname="DTW8-056278" name="com.example.tests.TestCase1" tests="1" failures="0" timestamp="18 Jul 2019 10:20:34 GMT" time="23.435" errors="0">
  <testcase name="testCase1" time="23.435" classname="com.example.tests.TestCase1"/>
</testsuite> <!-- com.example.tests.TestCase1 -->
