<?xml version="1.0" encoding="UTF-8"?>
<!-- Generated by org.testng.reporters.JUnitReportReporter -->
<testsuite hostname="DESKTOP-Q1JCOAI" failures="0" tests="2" name="MyRunner.TestRunner" time="44.101" errors="0" timestamp="20 Jul 2019 10:29:15 GMT" skipped="0">
  <testcase classname="MyRunner.TestRunner" name="feature" time="0.265"/>
  <testcase classname="MyRunner.TestRunner" name="feature" time="43.836"/>
</testsuite> <!-- MyRunner.TestRunner -->
