<?xml version="1.0" encoding="UTF-8"?>
<!-- Generated by org.testng.reporters.JUnitReportReporter -->
<testsuite hostname="DESKTOP-Q1JCOAI" failures="0" tests="1" name="CucumberTest.CucumberTest.TestCase2" time="26.186" errors="0" timestamp="20 Jul 2019 10:29:15 GMT" skipped="0">
  <testcase classname="CucumberTest.CucumberTest.TestCase2" name="testCase1" time="26.186"/>
</testsuite> <!-- CucumberTest.CucumberTest.TestCase2 -->
