<?xml version="1.0" encoding="UTF-8"?>
<!-- Generated by org.testng.reporters.JUnitReportReporter -->
<testsuite hostname="DESKTOP-Q1JCOAI" failures="0" tests="1" name="CucumberTest.CucumberTest.TestCase1" time="26.257" errors="0" timestamp="20 Jul 2019 10:29:15 GMT" skipped="0">
  <testcase classname="CucumberTest.CucumberTest.TestCase1" name="testCase1" time="26.257"/>
</testsuite> <!-- CucumberTest.CucumberTest.TestCase1 -->
